--- Copying files at Tue Jul 19 04:50:03 UTC 2022
INSTALLED plugins/ace-editor.jpi : 1.1
INSTALLED plugins/ant.jpi : 475.vf34069fef73c
INSTALLED plugins/apache-httpcomponents-client-4-api.jpi : 4.5.13-1.0
INSTALLED plugins/authentication-tokens.jpi : 1.4
INSTALLED plugins/bouncycastle-api.jpi : 2.26
INSTALLED plugins/branch-api.jpi : 2.1046.v0ca_37783ecc5
INSTALLED plugins/caffeine-api.jpi : 2.9.3-65.v6a_47d0f4d1fe
INSTALLED plugins/cloudbees-folder.jpi : 6.729.v2b_9d1a_74d673
INSTALLED plugins/configuration-as-code.jpi : 1429.v09b_044a_c93de
INSTALLED plugins/credentials-binding.jpi : 523.vd859a_4b_122e6
INSTALLED plugins/credentials.jpi : 1139.veb_9579fca_33b_
INSTALLED plugins/display-url-api.jpi : 2.3.6
INSTALLED plugins/durable-task.jpi : 496.va67c6f9eefa7
INSTALLED plugins/git-client.jpi : 3.11.0
INSTALLED plugins/git.jpi : 4.11.3
INSTALLED plugins/jackson2-api.jpi : 2.13.3-285.vc03c0256d517
INSTALLED plugins/javax-activation-api.jpi : 1.2.0-3
INSTALLED plugins/javax-mail-api.jpi : 1.6.2-6
INSTALLED plugins/jaxb.jpi : 2.3.6-1
INSTALLED plugins/jobConfigHistory.jpi : 1148.v8607da_ef251e
INSTALLED plugins/jsch.jpi : 0.1.55.2
INSTALLED plugins/kubernetes-client-api.jpi : 5.12.2-193.v26a_6078f65a_9
INSTALLED plugins/kubernetes-credentials.jpi : 0.9.0
INSTALLED plugins/kubernetes.jpi : 3600.v144b_cd192ca_a_
INSTALLED plugins/mailer.jpi : 414.vcc4c33714601
INSTALLED plugins/metrics.jpi : 4.1.6.2
INSTALLED plugins/pipeline-build-step.jpi : 2.18
INSTALLED plugins/pipeline-groovy-lib.jpi : 593.va_a_fc25d520e9
INSTALLED plugins/pipeline-input-step.jpi : 449.v77f0e8b_845c4
INSTALLED plugins/pipeline-milestone-step.jpi : 101.vd572fef9d926
INSTALLED plugins/pipeline-model-api.jpi : 2.2114.v2654ca_721309
INSTALLED plugins/pipeline-model-definition.jpi : 2.2114.v2654ca_721309
INSTALLED plugins/pipeline-model-extensions.jpi : 2.2114.v2654ca_721309
INSTALLED plugins/pipeline-stage-step.jpi : 293.v200037eefcd5
INSTALLED plugins/pipeline-stage-tags-metadata.jpi : 2.2114.v2654ca_721309
INSTALLED plugins/plain-credentials.jpi : 1.8
INSTALLED plugins/scm-api.jpi : 608.vfa_f971c5a_a_e9
INSTALLED plugins/script-security.jpi : 1175.v4b_d517d6db_f0
INSTALLED plugins/snakeyaml-api.jpi : 1.30.2-76.vc104f7ce9870
INSTALLED plugins/sonar.jpi : 2.14
INSTALLED plugins/ssh-credentials.jpi : 291.v8211e4f8efb_c
INSTALLED plugins/structs.jpi : 318.va_f3ccb_729b_71
INSTALLED plugins/trilead-api.jpi : 1.67.vc3938a_35172f
INSTALLED plugins/variant.jpi : 1.4
INSTALLED plugins/workflow-aggregator.jpi : 581.v0c46fa_697ffd
INSTALLED plugins/workflow-api.jpi : 1188.v0016b_4f29881
INSTALLED plugins/workflow-basic-steps.jpi : 969.vc4ec3e4854b_f
INSTALLED plugins/workflow-cps.jpi : 2746.v0da_83a_332669
INSTALLED plugins/workflow-durable-task-step.jpi : 1174.v73a_9a_17edce0
INSTALLED plugins/workflow-job.jpi : 1207.ve6191ff089f8
INSTALLED plugins/workflow-multibranch.jpi : 716.vc692a_e52371b_
INSTALLED plugins/workflow-scm-step.jpi : 400.v6b_89a_1317c9a_
INSTALLED plugins/workflow-step-api.jpi : 625.vd896b_f445a_f8
INSTALLED plugins/workflow-support.jpi : 833.va_1c71061486b_
--- Copying files at Tue Jul 19 04:53:30 UTC 2022
